<?xml version="1.0" encoding="UTF-8"?>
<testsuite name="KuliahTest" tests="1" skipped="0" failures="0" errors="0" timestamp="2020-10-06T18:24:17" hostname="DESKTOP-4R4F81" time="0.091">
  <properties/>
  <testcase name="tspTest" classname="KuliahTest" time="0.091"/>
  <system-out><![CDATA[========== All possible route n= 6 =========
i= 0 route= [1, 2, 3, 4, 5] distance= 405
i= 1 route= [1, 2, 3, 5, 4] distance= 354
i= 2 route= [1, 2, 4, 3, 5] distance= 363
i= 3 route= [1, 2, 4, 5, 3] distance= 452
i= 4 route= [1, 2, 5, 4, 3] distance= 350
i= 5 route= [1, 2, 5, 3, 4] distance= 210
i= 6 route= [1, 3, 2, 4, 5] distance= 525
i= 7 route= [1, 3, 2, 5, 4] distance= 372
i= 8 route= [1, 3, 4, 2, 5] distance= 381
i= 9 route= [1, 3, 4, 5, 2] distance= 354
i= 10 route= [1, 3, 5, 4, 2] distance= 456
i= 11 route= [1, 3, 5, 2, 4] distance= 330
i= 12 route= [1, 4, 3, 2, 5] distance= 323
i= 13 route= [1, 4, 3, 5, 2] distance= 254
i= 14 route= [1, 4, 2, 3, 5] distance= 425
i= 15 route= [1, 4, 2, 5, 3] distance= 370
i= 16 route= [1, 4, 5, 2, 3] distance= 412
i= 17 route= [1, 4, 5, 3, 2] distance= 398
i= 18 route= [1, 5, 3, 4, 2] distance= 340
i= 19 route= [1, 5, 3, 2, 4] distance= 358
i= 20 route= [1, 5, 4, 3, 2] distance= 382
i= 21 route= [1, 5, 4, 2, 3] distance= 498
i= 22 route= [1, 5, 2, 4, 3] distance= 354
i= 23 route= [1, 5, 2, 3, 4] distance= 256
i= 24 route= [2, 1, 3, 4, 5] distance= 389
i= 25 route= [2, 1, 3, 5, 4] distance= 338
i= 26 route= [2, 1, 4, 3, 5] distance= 289
i= 27 route= [2, 1, 4, 5, 3] distance= 378
i= 28 route= [2, 1, 5, 4, 3] distance= 362
i= 29 route= [2, 1, 5, 3, 4] distance= 222
i= 30 route= [2, 3, 1, 4, 5] distance= 451
i= 31 route= [2, 3, 1, 5, 4] distance= 384
i= 32 route= [2, 3, 4, 1, 5] distance= 335
i= 33 route= [2, 3, 5, 1, 4] distance= 284
i= 34 route= [2, 4, 3, 1, 5] distance= 393
i= 35 route= [2, 4, 1, 3, 5] distance= 409
i= 36 route= [2, 4, 1, 5, 3] distance= 382
i= 37 route= [2, 4, 5, 1, 3] distance= 482
i= 38 route= [2, 5, 3, 1, 4] distance= 256
i= 39 route= [2, 5, 4, 1, 3] distance= 396
i= 40 route= [2, 5, 1, 4, 3] distance= 280
i= 41 route= [2, 5, 1, 3, 4] distance= 240
i= 42 route= [3, 2, 1, 4, 5] distance= 447
i= 43 route= [3, 2, 1, 5, 4] distance= 380
i= 44 route= [3, 2, 4, 1, 5] distance= 451
i= 45 route= [3, 2, 5, 1, 4] distance= 298
i= 46 route= [3, 1, 2, 4, 5] distance= 505
i= 47 route= [3, 1, 2, 5, 4] distance= 352
i= 48 route= [3, 1, 4, 2, 5] distance= 423
i= 49 route= [3, 1, 5, 2, 4] distance= 356
i= 50 route= [3, 4, 1, 2, 5] distance= 303
i= 51 route= [3, 4, 2, 1, 5] distance= 389
i= 52 route= [3, 5, 1, 2, 4] distance= 338
i= 53 route= [3, 5, 2, 1, 4] distance= 252
i= 54 route= [4, 2, 3, 1, 5] distance= 411
i= 55 route= [4, 2, 1, 3, 5] distance= 365
i= 56 route= [4, 3, 2, 1, 5] distance= 291
i= 57 route= [4, 3, 1, 2, 5] distance= 263
i= 58 route= [4, 1, 3, 2, 5] distance= 325
i= 59 route= [4, 1, 2, 3, 5] distance= 307
Min distance= 210
======= TEST ======
=== All route ===
i= 0 route= [0, 98, 66, 96, 38, 94]
i= 1 route= [98, 0, 41, 75, 57, 46]
i= 2 route= [66, 41, 0, 59, 99, 2]
i= 3 route= [96, 75, 59, 0, 13, 18]
i= 4 route= [38, 57, 99, 13, 0, 100]
i= 5 route= [94, 46, 2, 18, 100, 0]
===== Shortest Route =======
route= [a, b, c, f, d, e, a] distance= 210
]]></system-out>
  <system-err><![CDATA[]]></system-err>
</testsuite>
